[2020-11-26 11:13:19.978566]ERROR:エラーはありませんでした
[2020-11-26 11:14:36.181605]ERROR:エラーはありませんでした
[2020-11-26 11:16:12.621338]ERROR:会社名：株式会社アクトアライズ Message: no such element: Unable to locate element: {"method":"css selector","selector":".tableCondition333__head"}   (Session info: chrome=87.0.4280.66) 
[2020-11-26 11:16:12.735033]ERROR:会社名：キオクシア岩手株式会社 Message: no such element: Unable to locate element: {"method":"css selector","selector":".tableCondition333__head"}   (Session info: chrome=87.0.4280.66) 
[2020-11-26 11:16:12.822797]ERROR:会社名：株式会社ロッドスタッフ Message: no such element: Unable to locate element: {"method":"css selector","selector":".tableCondition333__head"}   (Session info: chrome=87.0.4280.66) 
[2020-11-26 11:16:12.899594]ERROR:会社名：関東バス株式会社 Message: no such element: Unable to locate element: {"method":"css selector","selector":".tableCondition333__head"}   (Session info: chrome=87.0.4280.66) 
[2020-11-26 11:16:13.146938]ERROR:会社名：社会福祉法人のぞみの会 Message: no such element: Unable to locate element: {"method":"css selector","selector":".tableCondition333__head"}   (Session info: chrome=87.0.4280.66) 
[2020-11-26 11:16:13.227715]ERROR:会社名：株式会社東黎トラスト Message: no such element: Unable to locate element: {"method":"css selector","selector":".tableCondition333__head"}   (Session info: chrome=87.0.4280.66) 
[2020-11-26 11:16:13.306504]ERROR:会社名：株式会社WizField Message: no such element: Unable to locate element: {"method":"css selector","selector":".tableCondition333__head"}   (Session info: chrome=87.0.4280.66) 
[2020-11-26 11:16:13.387286]ERROR:会社名：株式会社星野リゾート・マネジメント Message: no such element: Unable to locate element: {"method":"css selector","selector":".tableCondition333__head"}   (Session info: chrome=87.0.4280.66) 
[2020-11-26 11:16:13.466077]ERROR:会社名：エムイーPLUS町田株式会社 Message: no such element: Unable to locate element: {"method":"css selector","selector":".tableCondition333__head"}   (Session info: chrome=87.0.4280.66) 
[2020-11-26 11:16:13.546861]ERROR:会社名：株式会社ブランチ・アウト Message: no such element: Unable to locate element: {"method":"css selector","selector":".tableCondition333__head"}   (Session info: chrome=87.0.4280.66) 
[2020-11-26 11:16:13.625650]ERROR:会社名：山岸株式会社 Message: no such element: Unable to locate element: {"method":"css selector","selector":".tableCondition333__head"}   (Session info: chrome=87.0.4280.66) 
[2020-11-26 11:16:13.706477]ERROR:会社名：ニッポンレンタカー北関東株式会社 Message: no such element: Unable to locate element: {"method":"css selector","selector":".tableCondition333__head"}   (Session info: chrome=87.0.4280.66) 
[2020-11-26 11:16:13.788215]ERROR:会社名：日研工業株式会社 Message: no such element: Unable to locate element: {"method":"css selector","selector":".tableCondition333__head"}   (Session info: chrome=87.0.4280.66) 
[2020-11-26 11:16:13.868002]ERROR:会社名：西田商運株式会社 Message: no such element: Unable to locate element: {"method":"css selector","selector":".tableCondition333__head"}   (Session info: chrome=87.0.4280.66) 
[2020-11-26 11:16:13.948785]ERROR:会社名：ネットコンプレックス株式会社 Message: no such element: Unable to locate element: {"method":"css selector","selector":".tableCondition333__head"}   (Session info: chrome=87.0.4280.66) 
[2020-11-26 11:16:14.030596]ERROR:会社名：株式会社鈴木測量設計 Message: no such element: Unable to locate element: {"method":"css selector","selector":".tableCondition333__head"}   (Session info: chrome=87.0.4280.66) 
[2020-11-26 11:16:14.130300]ERROR:会社名：社会福祉法人悲田院 Message: no such element: Unable to locate element: {"method":"css selector","selector":".tableCondition333__head"}   (Session info: chrome=87.0.4280.66) 
[2020-11-26 11:16:14.210086]ERROR:会社名：株式会社神戸製鋼所 Message: no such element: Unable to locate element: {"method":"css selector","selector":".tableCondition333__head"}   (Session info: chrome=87.0.4280.66) 
[2020-11-26 11:16:14.287878]ERROR:会社名：ソリマチ株式会社 Message: no such element: Unable to locate element: {"method":"css selector","selector":".tableCondition333__head"}   (Session info: chrome=87.0.4280.66) 
[2020-11-26 11:16:14.365670]ERROR:会社名：ネイス株式会社 Message: no such element: Unable to locate element: {"method":"css selector","selector":".tableCondition333__head"}   (Session info: chrome=87.0.4280.66) 
[2020-11-26 11:16:14.443462]ERROR:会社名：株式会社中山総合福祉マネジメント Message: no such element: Unable to locate element: {"method":"css selector","selector":".tableCondition333__head"}   (Session info: chrome=87.0.4280.66) 
[2020-11-26 11:16:14.522250]ERROR:会社名：新日本リース株式会社 Message: no such element: Unable to locate element: {"method":"css selector","selector":".tableCondition333__head"}   (Session info: chrome=87.0.4280.66) 
[2020-11-26 11:16:14.601040]ERROR:会社名：ジーティーユー株式会社 Message: no such element: Unable to locate element: {"method":"css selector","selector":".tableCondition333__head"}   (Session info: chrome=87.0.4280.66) 
[2020-11-26 11:16:14.683820]ERROR:会社名：株式会社イコール Message: no such element: Unable to locate element: {"method":"css selector","selector":".tableCondition333__head"}   (Session info: chrome=87.0.4280.66) 
[2020-11-26 11:16:14.767595]ERROR:会社名：セツナン化成株式会社 Message: no such element: Unable to locate element: {"method":"css selector","selector":".tableCondition333__head"}   (Session info: chrome=87.0.4280.66) 
[2020-11-26 11:16:14.847387]ERROR:会社名：日新工業株式会社 Message: no such element: Unable to locate element: {"method":"css selector","selector":".tableCondition333__head"}   (Session info: chrome=87.0.4280.66) 
[2020-11-26 11:16:14.929163]ERROR:会社名：有限会社本原自動車学校 Message: no such element: Unable to locate element: {"method":"css selector","selector":".tableCondition333__head"}   (Session info: chrome=87.0.4280.66) 
[2020-11-26 11:16:15.013935]ERROR:会社名：株式会社日幸商會 Message: no such element: Unable to locate element: {"method":"css selector","selector":".tableCondition333__head"}   (Session info: chrome=87.0.4280.66) 
[2020-11-26 11:16:15.091727]ERROR:会社名：株式会社日幸商會 Message: no such element: Unable to locate element: {"method":"css selector","selector":".tableCondition333__head"}   (Session info: chrome=87.0.4280.66) 
[2020-11-26 11:16:15.173509]ERROR:会社名：有限会社e.K.コンサルタント Message: no such element: Unable to locate element: {"method":"css selector","selector":".tableCondition333__head"}   (Session info: chrome=87.0.4280.66) 
[2020-11-26 11:16:15.252297]ERROR:会社名：悠悠ホーム株式会社 Message: no such element: Unable to locate element: {"method":"css selector","selector":".tableCondition333__head"}   (Session info: chrome=87.0.4280.66) 
[2020-11-26 11:16:15.332083]ERROR:会社名：悠悠ホーム株式会社 Message: no such element: Unable to locate element: {"method":"css selector","selector":".tableCondition333__head"}   (Session info: chrome=87.0.4280.66) 
[2020-11-26 11:16:15.414862]ERROR:会社名：株式会社アエナ Message: no such element: Unable to locate element: {"method":"css selector","selector":".tableCondition333__head"}   (Session info: chrome=87.0.4280.66) 
[2020-11-26 11:16:15.496644]ERROR:会社名：悠悠ホーム株式会社 Message: no such element: Unable to locate element: {"method":"css selector","selector":".tableCondition333__head"}   (Session info: chrome=87.0.4280.66) 
[2020-11-26 11:16:15.578426]ERROR:会社名：株式会社アライ照明 Message: no such element: Unable to locate element: {"method":"css selector","selector":".tableCondition333__head"}   (Session info: chrome=87.0.4280.66) 
[2020-11-26 11:16:15.660232]ERROR:会社名：株式会社ヤマト Message: no such element: Unable to locate element: {"method":"css selector","selector":".tableCondition333__head"}   (Session info: chrome=87.0.4280.66) 
[2020-11-26 11:16:15.741015]ERROR:会社名：大同建材産業株式会社 Message: no such element: Unable to locate element: {"method":"css selector","selector":".tableCondition333__head"}   (Session info: chrome=87.0.4280.66) 
[2020-11-26 11:16:15.821774]ERROR:会社名：大同建材産業株式会社 Message: no such element: Unable to locate element: {"method":"css selector","selector":".tableCondition333__head"}   (Session info: chrome=87.0.4280.66) 
[2020-11-26 11:18:14.932115]ERROR:エラーはありませんでした
[2020-11-26 11:22:45.855994]ERROR:エラーはありませんでした
[2020-11-26 16:23:03.914818]ERROR:エラーはありませんでした
[2020-11-29 17:57:40.955121]ERROR:エラーはありませんでした
[2021-01-01 06:13:28.511576]ERROR:エラーはありませんでした
