[2020-11-25 21:54:32.319998] ★★処理開始★★
[2020-11-25 21:54:32.348921] 1ページ目処理開始
[2020-11-25 21:54:46.884581] 1ページ目処理終了
[2020-11-25 21:54:46.902566] ★★処理終了★★
[2020-11-25 21:55:53.699467] ★★処理開始★★
[2020-11-25 21:55:53.726428] 1ページ目処理開始
[2020-11-25 21:56:09.953123] 1ページ目処理終了
[2020-11-25 21:56:12.700728] 2ページ目処理開始
[2020-11-25 21:56:32.337896] 2ページ目処理終了
[2020-11-25 21:56:35.626582] 3ページ目処理開始
[2020-11-25 21:56:53.512268] 3ページ目処理終了
[2020-11-25 21:56:56.804733] 4ページ目処理開始
[2020-11-25 21:57:14.583805] 4ページ目処理終了
[2020-11-25 21:57:16.477630] 5ページ目処理開始
[2020-11-25 21:57:35.542001] 5ページ目処理終了
[2020-11-25 21:57:37.234400] 6ページ目処理開始
[2020-11-25 21:57:55.432518] 6ページ目処理終了
[2020-11-25 21:57:58.201212] 7ページ目処理開始
[2020-11-25 21:58:15.471876] 7ページ目処理終了
[2020-11-25 21:58:18.713739] 8ページ目処理開始
[2020-11-25 21:58:35.961903] 8ページ目処理終了
[2020-11-25 21:58:39.219987] 9ページ目処理開始
[2020-11-25 21:58:54.422161] 9ページ目処理終了
[2020-11-25 21:58:54.441153] ★★処理終了★★
[2020-11-25 22:11:30.066929] ★★処理開始★★
[2020-11-25 22:11:30.141295] 441件取得
[2020-11-25 22:11:30.204127] 1ページ目処理開始
[2020-11-25 22:11:49.825551] 1ページ目処理終了
[2020-11-25 22:11:55.444175] 2ページ目処理開始
[2020-11-25 22:12:12.731225] 2ページ目処理終了
[2020-11-25 22:12:12.860879] 2ページ目処理開始
[2020-11-25 22:12:32.959890] 2ページ目処理終了
[2020-11-25 22:12:33.078572] 2ページ目処理開始
[2020-11-25 22:12:53.402033] 2ページ目処理終了
[2020-11-25 22:12:56.941098] 3ページ目処理開始
[2020-11-25 22:13:17.568930] 3ページ目処理終了
[2020-11-25 22:13:22.492741] 4ページ目処理開始
[2020-11-25 22:13:39.597145] 4ページ目処理終了
[2020-11-25 22:13:42.040679] 5ページ目処理開始
[2020-11-25 22:14:00.745386] 5ページ目処理終了
[2020-11-25 22:14:02.946172] 6ページ目処理開始
[2020-11-25 22:14:19.644360] 6ページ目処理終了
[2020-11-25 22:14:19.792171] 6ページ目処理開始
[2020-11-25 22:14:38.572505] 6ページ目処理終了
[2020-11-25 22:14:38.678870] 6ページ目処理開始
[2020-11-25 22:14:56.214710] 6ページ目処理終了
[2020-11-25 22:14:56.314444] 6ページ目処理開始
[2020-11-25 22:15:13.944516] 6ページ目処理終了
[2020-11-25 22:15:14.045359] 6ページ目処理開始
[2020-11-25 22:15:31.371822] 6ページ目処理終了
[2020-11-25 22:15:31.469522] 6ページ目処理開始
[2020-11-25 22:15:51.094112] 6ページ目処理終了
[2020-11-25 22:15:53.714435] 7ページ目処理開始
[2020-11-25 22:16:10.473300] 7ページ目処理終了
[2020-11-25 22:16:10.594670] 7ページ目処理開始
[2020-11-25 22:16:28.186581] 7ページ目処理終了
[2020-11-25 22:16:28.286318] 7ページ目処理開始
[2020-11-25 22:16:48.228259] 7ページ目処理終了
[2020-11-25 22:16:48.358908] 7ページ目処理開始
[2020-11-25 22:17:07.346313] 7ページ目処理終了
[2020-11-25 22:17:07.463389] 7ページ目処理開始
[2020-11-25 22:17:25.222897] 7ページ目処理終了
[2020-11-25 22:17:25.319638] 7ページ目処理開始
[2020-11-25 22:17:42.959940] 7ページ目処理終了
[2020-11-25 22:17:43.066664] 7ページ目処理開始
[2020-11-25 22:18:00.930331] 7ページ目処理終了
[2020-11-25 22:18:01.030031] 7ページ目処理開始
[2020-11-25 22:18:18.512652] 7ページ目処理終了
[2020-11-25 22:18:18.618667] 7ページ目処理開始
[2020-11-25 22:18:35.805472] 7ページ目処理終了
[2020-11-25 22:18:35.912429] 7ページ目処理開始
[2020-11-25 22:18:53.806587] 7ページ目処理終了
[2020-11-25 22:18:53.905512] 7ページ目処理開始
[2020-11-25 22:19:11.385235] 7ページ目処理終了
[2020-11-25 22:19:11.490951] 7ページ目処理開始
[2020-11-25 22:19:36.108799] 7ページ目処理終了
[2020-11-25 22:19:36.210527] 7ページ目処理開始
[2020-11-25 22:19:54.321346] 7ページ目処理終了
[2020-11-25 22:19:54.432237] 7ページ目処理開始
[2020-11-25 22:20:13.003104] 7ページ目処理終了
[2020-11-25 22:20:13.113206] 7ページ目処理開始
[2020-11-25 22:20:31.607298] 7ページ目処理終了
[2020-11-25 22:20:31.711019] 7ページ目処理開始
[2020-11-25 22:20:49.599522] 7ページ目処理終了
[2020-11-25 22:20:49.714221] 7ページ目処理開始
[2020-11-25 22:21:06.981680] 7ページ目処理終了
[2020-11-25 22:21:07.087397] 7ページ目処理開始
[2020-11-25 22:21:24.304410] 7ページ目処理終了
[2020-11-25 22:21:24.401152] 7ページ目処理開始
[2020-11-25 22:21:41.586225] 7ページ目処理終了
[2020-11-25 22:21:41.687952] 7ページ目処理開始
[2020-11-25 22:22:00.964962] 7ページ目処理終了
[2020-11-25 22:22:01.082070] 7ページ目処理開始
[2020-11-25 22:22:24.171311] 7ページ目処理終了
[2020-11-25 22:22:24.316922] 7ページ目処理開始
[2020-11-25 22:22:54.147149] 7ページ目処理終了
[2020-11-25 22:22:54.251282] 7ページ目処理開始
[2020-11-25 22:23:16.157364] 7ページ目処理終了
[2020-11-25 22:23:16.261087] 7ページ目処理開始
[2020-11-25 22:23:34.900880] 7ページ目処理終了
[2020-11-25 22:23:35.005599] 7ページ目処理開始
[2020-11-25 22:23:53.788051] 7ページ目処理終了
[2020-11-25 22:23:53.909726] 7ページ目処理開始
[2020-11-25 22:24:14.793637] 7ページ目処理終了
[2020-11-25 22:24:14.903723] 7ページ目処理開始
[2020-11-25 22:24:33.518356] 7ページ目処理終了
[2020-11-25 22:24:33.619087] 7ページ目処理開始
[2020-11-25 22:24:51.781669] 7ページ目処理終了
[2020-11-25 22:24:51.958196] 7ページ目処理開始
[2020-11-25 22:25:11.269626] 7ページ目処理終了
[2020-11-25 22:25:11.372355] 7ページ目処理開始
[2020-11-25 22:25:30.418779] 7ページ目処理終了
[2020-11-25 22:25:30.519554] 7ページ目処理開始
[2020-11-25 22:25:50.882809] 7ページ目処理終了
[2020-11-25 22:25:51.014061] 7ページ目処理開始
[2020-11-25 22:26:10.580377] 7ページ目処理終了
[2020-11-25 22:26:10.723993] 7ページ目処理開始
[2020-11-25 22:26:35.293121] 7ページ目処理終了
[2020-11-25 22:26:35.407820] 7ページ目処理開始
[2020-11-25 22:34:10.795547] ★★処理開始★★
[2020-11-25 22:34:10.815493] 441件取得
[2020-11-25 22:34:10.839429] 1ページ目処理開始
[2020-11-25 22:34:30.907093] 1ページ目処理終了
[2020-11-25 22:34:34.445441] 2ページ目処理開始
[2020-11-25 22:34:56.006690] 2ページ目処理終了
[2020-11-25 22:34:59.753290] 3ページ目処理開始
[2020-11-25 22:35:27.257338] 3ページ目処理終了
[2020-11-25 22:35:31.068766] 4ページ目処理開始
[2020-11-25 22:35:54.393371] 4ページ目処理終了
[2020-11-25 22:35:57.439230] 5ページ目処理開始
[2020-11-25 22:36:19.384875] 5ページ目処理終了
[2020-11-25 22:36:22.259149] 6ページ目処理開始
[2020-11-25 22:36:42.846604] 6ページ目処理終了
[2020-11-25 22:36:46.054769] 7ページ目処理開始
[2020-11-25 22:37:06.993697] 7ページ目処理終了
[2020-11-25 22:37:10.724912] 8ページ目処理開始
[2020-11-25 22:37:35.337884] 8ページ目処理終了
[2020-11-25 22:37:38.660948] 9ページ目処理開始
[2020-11-25 22:37:58.941822] 9ページ目処理終了
[2020-11-25 22:37:58.983708] ★★処理終了★★
[2020-11-25 22:50:00.581348] ★★処理開始★★
[2020-11-25 22:50:00.603290] 38件取得
[2020-11-25 22:50:00.625231] 1ページ目処理開始
[2020-11-25 22:50:13.079864] 1ページ目処理終了
[2020-11-25 22:50:13.098844] ★★処理終了★★
[2020-11-26 10:50:40.084192] ★★処理開始★★
[2020-11-26 10:50:40.950873] 441件取得
[2020-11-26 10:50:41.009715] 1ページ目処理開始
[2020-11-26 10:50:58.415466] 1ページ目処理終了
[2020-11-26 10:51:00.263198] 2ページ目処理開始
[2020-11-26 10:51:17.015199] 2ページ目処理終了
[2020-11-26 10:51:17.151850] 2ページ目処理開始
[2020-11-26 10:52:17.808046] ★★処理開始★★
[2020-11-26 10:52:18.507176] 441件取得
[2020-11-26 10:52:18.540088] 1ページ目処理開始
[2020-11-26 10:52:36.174370] 1ページ目処理終了
[2020-11-26 10:52:38.202483] 2ページ目処理開始
[2020-11-26 10:52:55.573617] 2ページ目処理終了
[2020-11-26 10:53:45.120096] ★★処理終了★★
[2020-11-26 10:56:28.570958] ★★処理開始★★
[2020-11-26 10:56:29.319954] 441件取得
[2020-11-26 10:56:29.372815] 1ページ目処理開始
[2020-11-26 10:56:47.314338] 1ページ目処理終了
[2020-11-26 10:56:49.201233] 2ページ目処理開始
[2020-11-26 10:57:04.957509] 2ページ目処理終了
[2020-11-26 10:57:23.882192] ★★処理終了★★
[2020-11-26 10:58:20.833910] ★★処理開始★★
[2020-11-26 10:58:21.609846] 441件取得
[2020-11-26 10:58:21.660697] 1ページ目処理開始
[2020-11-26 10:58:38.596019] 1ページ目処理終了
[2020-11-26 10:58:40.735982] 2ページ目処理開始
[2020-11-26 10:58:59.013740] 2ページ目処理終了
[2020-11-26 10:59:34.907292] ★★処理終了★★
[2020-11-26 11:01:27.360534] ★★処理開始★★
[2020-11-26 11:01:27.872164] 441件取得
[2020-11-26 11:01:28.122495] 1ページ目処理開始
[2020-11-26 11:01:46.919986] 1ページ目処理終了
[2020-11-26 11:01:49.173225] 2ページ目処理開始
[2020-11-26 11:02:07.618347] 2ページ目処理終了
[2020-11-26 11:02:12.719450] ★★処理終了★★
[2020-11-26 11:06:29.439704] ★★処理開始★★
[2020-11-26 11:06:30.340985] 38件取得
[2020-11-26 11:06:30.377886] 1ページ目処理開始
[2020-11-26 11:06:34.255511] 1ページ目処理終了
[2020-11-26 11:08:21.532609] ★★処理終了★★
[2020-11-26 11:09:32.457299] ★★処理開始★★
[2020-11-26 11:09:33.039740] 38件取得
[2020-11-26 11:09:33.064676] 1ページ目処理開始
[2020-11-26 11:09:36.835534] 1ページ目処理終了
[2020-11-26 11:10:52.015484] ★★処理終了★★
[2020-11-26 11:13:19.626508] ★★処理開始★★
[2020-11-26 11:13:19.690337] 0件取得
[2020-11-26 11:13:19.856891] 1ページ目処理開始
[2020-11-26 11:13:19.942662] 1ページ目処理終了
[2020-11-26 11:14:13.850552] ★★処理終了★★
[2020-11-26 11:14:35.626091] ★★処理開始★★
[2020-11-26 11:14:36.103813] 0件取得
[2020-11-26 11:14:36.141712] 1ページ目処理開始
[2020-11-26 11:14:36.164650] 1ページ目処理終了
[2020-11-26 11:14:45.636395] ★★処理終了★★
[2020-11-26 11:16:11.737702] ★★処理開始★★
[2020-11-26 11:16:12.339093] 38件取得
[2020-11-26 11:16:12.369013] 1ページ目処理開始
[2020-11-26 11:16:15.831746] 1ページ目処理終了
[2020-11-26 11:16:38.313480] ★★処理終了★★
[2020-11-26 11:18:01.494374] ★★処理開始★★
[2020-11-26 11:18:01.620036] 38件取得
[2020-11-26 11:18:01.713786] 1ページ目処理開始
[2020-11-26 11:18:14.921147] 1ページ目処理終了
[2020-11-26 11:18:20.361828] ★★処理終了★★
[2020-11-26 11:19:28.725325] ★★処理開始★★
[2020-11-26 11:19:29.383563] 441件取得
[2020-11-26 11:19:29.412487] 1ページ目処理開始
[2020-11-26 11:19:48.880371] 1ページ目処理終了
[2020-11-26 11:19:51.062865] 2ページ目処理開始
[2020-11-26 11:20:12.604084] 2ページ目処理終了
[2020-11-26 11:20:14.983254] 3ページ目処理開始
[2020-11-26 11:20:35.509773] 3ページ目処理終了
[2020-11-26 11:20:46.676081] 4ページ目処理開始
[2020-11-26 11:21:02.743763] 4ページ目処理終了
[2020-11-26 11:21:05.223361] 5ページ目処理開始
[2020-11-26 11:21:22.830489] 5ページ目処理終了
[2020-11-26 11:21:24.835354] 6ページ目処理開始
[2020-11-26 11:21:43.486438] 6ページ目処理終了
[2020-11-26 11:21:45.617542] 7ページ目処理開始
[2020-11-26 11:22:05.422039] 7ページ目処理終了
[2020-11-26 11:22:08.375552] 8ページ目処理開始
[2020-11-26 11:22:26.779237] 8ページ目処理終了
[2020-11-26 11:22:31.804324] 9ページ目処理開始
[2020-11-26 11:22:45.854996] 9ページ目処理終了
[2020-11-26 11:22:52.275186] ★★処理終了★★
[2020-11-26 16:03:50.368648] ★★処理開始★★
[2020-11-26 16:03:50.614989] 441件取得
[2020-11-26 16:03:50.664856] 1ページ目処理開始
[2020-11-26 16:04:07.957425] 1ページ目処理終了
[2020-11-26 16:04:08.085431] 1ページ目処理開始
[2020-11-26 16:04:25.217989] 1ページ目処理終了
[2020-11-26 16:04:25.338666] 1ページ目処理開始
[2020-11-26 16:04:42.640670] 1ページ目処理終了
[2020-11-26 16:04:42.736369] 1ページ目処理開始
[2020-11-26 16:05:00.325561] 1ページ目処理終了
[2020-11-26 16:05:00.435384] 1ページ目処理開始
[2020-11-26 16:05:17.970964] 1ページ目処理終了
[2020-11-26 16:05:18.069701] 1ページ目処理開始
[2020-11-26 16:05:36.066944] 1ページ目処理終了
[2020-11-26 16:05:36.175998] 1ページ目処理開始
[2020-11-26 16:05:54.115526] 1ページ目処理終了
[2020-11-26 16:05:54.217255] 1ページ目処理開始
[2020-11-26 16:06:11.659633] 1ページ目処理終了
[2020-11-26 16:06:11.756374] 1ページ目処理開始
[2020-11-26 16:06:29.243054] 1ページ目処理終了
[2020-11-26 16:06:29.340793] 1ページ目処理開始
[2020-11-26 16:06:46.439909] 1ページ目処理終了
[2020-11-26 16:06:46.536652] 1ページ目処理開始
[2020-11-26 16:07:03.880436] 1ページ目処理終了
[2020-11-26 16:07:03.983161] 1ページ目処理開始
[2020-11-26 16:07:21.579565] 1ページ目処理終了
[2020-11-26 16:07:21.714454] 1ページ目処理開始
[2020-11-26 16:07:40.016483] 1ページ目処理終了
[2020-11-26 16:07:40.116256] 1ページ目処理開始
[2020-11-26 16:07:58.845587] 1ページ目処理終了
[2020-11-26 16:07:58.968154] 1ページ目処理開始
[2020-11-26 16:08:16.843262] 1ページ目処理終了
[2020-11-26 16:08:16.946192] 1ページ目処理開始
[2020-11-26 16:08:34.551724] 1ページ目処理終了
[2020-11-26 16:08:34.648504] 1ページ目処理開始
[2020-11-26 16:08:51.762674] 1ページ目処理終了
[2020-11-26 16:08:51.860413] 1ページ目処理開始
[2020-11-26 16:09:09.155270] 1ページ目処理終了
[2020-11-26 16:09:09.251012] 1ページ目処理開始
[2020-11-26 16:09:27.410020] 1ページ目処理終了
[2020-11-26 16:09:27.525711] 1ページ目処理開始
[2020-11-26 16:09:51.029608] 1ページ目処理終了
[2020-11-26 16:09:51.131335] 1ページ目処理開始
[2020-11-26 16:10:09.008376] 1ページ目処理終了
[2020-11-26 16:10:09.230781] 1ページ目処理開始
[2020-11-26 16:10:28.132169] 1ページ目処理終了
[2020-11-26 16:10:28.241875] 1ページ目処理開始
[2020-11-26 16:10:45.486146] 1ページ目処理終了
[2020-11-26 16:10:45.584882] 1ページ目処理開始
[2020-11-26 16:11:02.612323] 1ページ目処理終了
[2020-11-26 16:11:02.714050] 1ページ目処理開始
[2020-11-26 16:11:20.083010] 1ページ目処理終了
[2020-11-26 16:11:20.236568] 1ページ目処理開始
[2020-11-26 16:11:38.121897] 1ページ目処理終了
[2020-11-26 16:11:38.222776] 1ページ目処理開始
[2020-11-26 16:12:00.471777] 1ページ目処理終了
[2020-11-26 16:12:00.647309] 1ページ目処理開始
[2020-11-26 16:12:20.127496] 1ページ目処理終了
[2020-11-26 16:12:20.314987] 1ページ目処理開始
[2020-11-26 16:12:40.220449] 1ページ目処理終了
[2020-11-26 16:12:40.409943] 1ページ目処理開始
[2020-11-26 16:12:59.736757] 1ページ目処理終了
[2020-11-26 16:12:59.842475] 1ページ目処理開始
[2020-11-26 16:13:17.458959] 1ページ目処理終了
[2020-11-26 16:13:17.562681] 1ページ目処理開始
[2020-11-26 16:13:47.263827] 1ページ目処理終了
[2020-11-26 16:13:47.365592] 1ページ目処理開始
[2020-11-26 16:14:07.177124] 1ページ目処理終了
[2020-11-26 16:14:07.274823] 1ページ目処理開始
[2020-11-26 16:14:25.828552] 1ページ目処理終了
[2020-11-26 16:14:25.926291] 1ページ目処理開始
[2020-11-26 16:14:43.514230] 1ページ目処理終了
[2020-11-26 16:14:43.610971] 1ページ目処理開始
[2020-11-26 16:15:01.327514] 1ページ目処理終了
[2020-11-26 16:15:01.424250] 1ページ目処理開始
[2020-11-26 16:15:18.842005] 1ページ目処理終了
[2020-11-26 16:15:18.940741] 1ページ目処理開始
[2020-11-26 16:15:37.051281] 1ページ目処理終了
[2020-11-26 16:15:37.167970] 1ページ目処理開始
[2020-11-26 16:15:54.623197] 1ページ目処理終了
[2020-11-26 16:15:54.740886] 1ページ目処理開始
[2020-11-26 16:16:12.412278] 1ページ目処理終了
[2020-11-26 16:16:12.510016] 1ページ目処理開始
[2020-11-26 16:16:29.853482] 1ページ目処理終了
[2020-11-26 16:16:29.955821] 1ページ目処理開始
[2020-11-26 16:16:47.469840] 1ページ目処理終了
[2020-11-26 16:16:47.580545] 1ページ目処理開始
[2020-11-26 16:17:05.726145] 1ページ目処理終了
[2020-11-26 16:17:09.233761] 2ページ目処理開始
[2020-11-26 16:17:26.125345] 2ページ目処理終了
[2020-11-26 16:17:28.558140] 3ページ目処理開始
[2020-11-26 16:17:45.383625] 3ページ目処理終了
[2020-11-26 16:17:45.484369] 3ページ目処理開始
[2020-11-26 16:18:03.129539] 3ページ目処理終了
[2020-11-26 16:18:03.238249] 3ページ目処理開始
[2020-11-26 16:18:20.402418] 3ページ目処理終了
[2020-11-26 16:18:20.510243] 3ページ目処理開始
[2020-11-26 16:19:52.052053] ★★処理開始★★
[2020-11-26 16:19:52.656795] 441件取得
[2020-11-26 16:19:52.679733] 1ページ目処理開始
[2020-11-26 16:20:10.047796] 1ページ目処理終了
[2020-11-26 16:20:13.478723] 2ページ目処理開始
[2020-11-26 16:20:33.222258] 2ページ目処理終了
[2020-11-26 16:20:37.983331] 3ページ目処理開始
[2020-11-26 16:20:58.578502] 3ページ目処理終了
[2020-11-26 16:21:01.770893] 4ページ目処理開始
[2020-11-26 16:21:19.667273] 4ページ目処理終了
[2020-11-26 16:21:21.889154] 5ページ目処理開始
[2020-11-26 16:21:40.428049] 5ページ目処理終了
[2020-11-26 16:21:42.429744] 6ページ目処理開始
[2020-11-26 16:22:01.844641] 6ページ目処理終了
[2020-11-26 16:22:04.686293] 7ページ目処理開始
[2020-11-26 16:22:23.372810] 7ページ目処理終了
[2020-11-26 16:22:26.150659] 8ページ目処理開始
[2020-11-26 16:22:45.094746] 8ページ目処理終了
[2020-11-26 16:22:47.591605] 9ページ目処理開始
[2020-11-26 16:23:03.914818] 9ページ目処理終了
[2020-11-26 16:23:15.533355] ★★処理終了★★
[2020-11-29 17:56:55.206706] ★★処理開始★★
[2020-11-29 17:56:55.294472] 150件取得
[2020-11-29 17:56:55.359298] 1ページ目処理開始
[2020-11-29 17:57:07.272224] 1ページ目処理終了
[2020-11-29 17:57:09.400397] 2ページ目処理開始
[2020-11-29 17:57:23.674985] 2ページ目処理終了
[2020-11-29 17:57:27.871165] 3ページ目処理開始
[2020-11-29 17:57:40.955121] 3ページ目処理終了
[2020-11-29 17:57:41.080092] ★★処理終了★★
[2021-01-01 06:11:35.059002] ★★処理開始★★
[2021-01-01 06:11:35.119839] 382件取得
[2021-01-01 06:11:35.168738] 1ページ目処理開始
[2021-01-01 06:11:47.292197] 1ページ目処理終了
[2021-01-01 06:11:53.138991] 2ページ目処理開始
[2021-01-01 06:12:04.959629] 2ページ目処理終了
[2021-01-01 06:12:06.771998] 3ページ目処理開始
[2021-01-01 06:12:19.100360] 3ページ目処理終了
[2021-01-01 06:12:20.881361] 4ページ目処理開始
[2021-01-01 06:12:33.760618] 4ページ目処理終了
[2021-01-01 06:12:34.746055] 5ページ目処理開始
[2021-01-01 06:12:48.832163] 5ページ目処理終了
[2021-01-01 06:12:49.742370] 6ページ目処理開始
[2021-01-01 06:13:04.201192] 6ページ目処理終了
[2021-01-01 06:13:05.317288] 7ページ目処理開始
[2021-01-01 06:13:19.263213] 7ページ目処理終了
[2021-01-01 06:13:20.046510] 8ページ目処理開始
[2021-01-01 06:13:28.510550] 8ページ目処理終了
[2021-01-01 06:13:28.677078] ★★処理終了★★
